<?xml version="1.0" encoding="UTF-8"?>
<!-- Generated by org.testng.reporters.JUnitReportReporter -->
<testsuite hostname="LAPTOP-V8Q69O7J" failures="0" tests="3" name="base.PumperAutomation" time="4.781" errors="0" timestamp="2025-01-12T12:16:29 IST" skipped="0">
  <testcase classname="base.PumperAutomation" name="shopify_website_page" time="2.463">
    <system-out>
      <![CDATA[- On Test Start
- Successfully Shopify Website Page Opened
- On Test Success]]>
    </system-out>
  </testcase> <!-- shopify_website_page -->
  <testcase classname="base.PumperAutomation" name="widget_offer_page" time="1.051">
    <system-out>
      <![CDATA[- On Test Start
- Successfully Widget Offer Page Opened
- On Test Success]]>
    </system-out>
  </testcase> <!-- widget_offer_page -->
  <testcase classname="base.PumperAutomation" name="pumper_widget_page" time="1.267">
    <system-out>
      <![CDATA[- On Test Start
- Successfully Pumper Widget Page Validate
- On Test Success]]>
    </system-out>
  </testcase> <!-- pumper_widget_page -->
  <system-out>
    <![CDATA[- On Test Start
- Successfully Startup
- On Test Start
- Successfully Shopify Website Page Opened
- On Test Success
- On Test Start
- Successfully Widget Offer Page Opened
- On Test Success
- On Test Start
- Successfully Pumper Widget Page Validate
- On Test Success
- Successfully Tear Down]]>
  </system-out>
</testsuite> <!-- base.PumperAutomation -->
